21-09-20 15:57:47 [main] [c.s.k.KakaopayApplication:55] [34m[INFO ][0;39m  - Starting KakaopayApplication using Java 1.8.0_221 on DESKTOP-TEF2OAG with PID 27228 (E:\workspace\202107-sooyoung199-naver.com\bin\main started by LG in E:\workspace\202107-sooyoung199-naver.com)
21-09-20 15:57:47 [main] [c.s.k.KakaopayApplication:659] [34m[INFO ][0;39m  - No active profile set, falling back to default profiles: default
21-09-20 15:57:48 [main] [o.s.d.r.c.RepositoryConfigurationDelegate:132] [34m[INFO ][0;39m  - Bootstrapping Spring Data JPA repositories in DEFAULT mode.
21-09-20 15:57:48 [main] [o.s.d.r.c.RepositoryConfigurationDelegate:201] [34m[INFO ][0;39m  - Finished Spring Data repository scanning in 124 ms. Found 4 JPA repository interfaces.
21-09-20 15:57:48 [main] [o.m.s.m.ClassPathMapperScanner:44] [31m[WARN ][0;39m  - No MyBatis mapper was found in '[com.sooyoung.kakaopay]' package. Please check your configuration.
21-09-20 15:57:49 [main] [o.s.b.w.e.t.TomcatWebServer:108] [34m[INFO ][0;39m  - Tomcat initialized with port(s): 8080 (http)
21-09-20 15:57:49 [main] [o.a.c.h.Http11NioProtocol:173] [34m[INFO ][0;39m  - Initializing ProtocolHandler ["http-nio-8080"]
21-09-20 15:57:49 [main] [o.a.c.c.StandardService:173] [34m[INFO ][0;39m  - Starting service [Tomcat]
21-09-20 15:57:49 [main] [o.a.c.c.StandardEngine:173] [34m[INFO ][0;39m  - Starting Servlet engine: [Apache Tomcat/9.0.50]
21-09-20 15:57:49 [main] [o.a.c.c.C.[.[.[/]:173] [34m[INFO ][0;39m  - Initializing Spring embedded WebApplicationContext
21-09-20 15:57:49 [main] [o.s.b.w.s.c.ServletWebServerApplicationContext:290] [34m[INFO ][0;39m  - Root WebApplicationContext: initialization completed in 1765 ms
21-09-20 15:57:49 [main] [o.s.w.f.CommonsRequestLoggingFilter:242] [39m[DEBUG][0;39m  - Filter 'commonsRequestLoggingFilter' configured for use
21-09-20 15:57:50 [main] [o.h.j.i.u.LogHelper:31] [34m[INFO ][0;39m  - HHH000204: Processing PersistenceUnitInfo [name: default]
21-09-20 15:57:50 [main] [o.h.Version:44] [34m[INFO ][0;39m  - HHH000412: Hibernate ORM core version 5.4.32.Final
21-09-20 15:57:50 [main] [o.h.a.c.Version:56] [34m[INFO ][0;39m  - HCANN000001: Hibernate Commons Annotations {5.1.2.Final}
21-09-20 15:57:50 [main] [c.z.h.HikariDataSource:110] [34m[INFO ][0;39m  - HikariPool-1 - Starting...
21-09-20 15:57:50 [main] [c.z.h.HikariDataSource:123] [34m[INFO ][0;39m  - HikariPool-1 - Start completed.
21-09-20 15:57:50 [main] [o.h.d.Dialect:175] [34m[INFO ][0;39m  - HHH000400: Using dialect: org.hibernate.dialect.MySQL8Dialect
21-09-20 15:57:51 [main] [o.h.e.t.j.p.i.JtaPlatformInitiator:52] [34m[INFO ][0;39m  - HHH000490: Using JtaPlatform implementation: [org.hibernate.engine.transaction.jta.platform.internal.NoJtaPlatform]
21-09-20 15:57:51 [main] [o.s.o.j.LocalContainerEntityManagerFactoryBean:437] [34m[INFO ][0;39m  - Initialized JPA EntityManagerFactory for persistence unit 'default'
21-09-20 15:57:52 [main] [o.s.b.a.o.j.JpaBaseConfiguration$JpaWebConfiguration:219] [31m[WARN ][0;39m  - spring.jpa.open-in-view is enabled by default. Therefore, database queries may be performed during view rendering. Explicitly configure spring.jpa.open-in-view to disable this warning
21-09-20 15:57:52 [main] [o.s.b.a.t.ThymeleafAutoConfiguration$DefaultTemplateResolverConfiguration:105] [31m[WARN ][0;39m  - Cannot find template location: classpath:/templates/ (please add some templates or check your Thymeleaf configuration)
21-09-20 15:57:52 [main] [o.a.c.h.Http11NioProtocol:173] [34m[INFO ][0;39m  - Starting ProtocolHandler ["http-nio-8080"]
21-09-20 15:57:52 [main] [o.s.b.w.e.t.TomcatWebServer:220] [34m[INFO ][0;39m  - Tomcat started on port(s): 8080 (http) with context path ''
21-09-20 15:57:52 [main] [c.s.k.KakaopayApplication:61] [34m[INFO ][0;39m  - Started KakaopayApplication in 5.505 seconds (JVM running for 7.316)
21-09-20 15:59:50 [http-nio-8080-exec-2] [o.a.c.c.C.[.[.[/]:173] [34m[INFO ][0;39m  - Initializing Spring DispatcherServlet 'dispatcherServlet'
21-09-20 15:59:50 [http-nio-8080-exec-2] [o.s.w.s.DispatcherServlet:525] [34m[INFO ][0;39m  - Initializing Servlet 'dispatcherServlet'
21-09-20 15:59:50 [http-nio-8080-exec-2] [o.s.w.s.DispatcherServlet:547] [34m[INFO ][0;39m  - Completed initialization in 2 ms
21-09-20 15:59:50 [http-nio-8080-exec-2] [o.s.w.f.CommonsRequestLoggingFilter:47] [39m[DEBUG][0;39m  - Before request [GET /api/products, client=0:0:0:0:0:0:0:1, headers=[x-user-id:"1111222", user-agent:"PostmanRuntime/7.28.3", accept:"*/*", postman-token:"1a55e035-776c-48e9-9443-0be6a8162602", host:"localhost:8080", accept-encoding:"gzip, deflate, br", connection:"keep-alive"]]
21-09-20 15:59:50 [http-nio-8080-exec-2] [o.s.w.f.CommonsRequestLoggingFilter:55] [39m[DEBUG][0;39m  - After request [GET /api/products, client=0:0:0:0:0:0:0:1, headers=[x-user-id:"1111222", user-agent:"PostmanRuntime/7.28.3", accept:"*/*", postman-token:"1a55e035-776c-48e9-9443-0be6a8162602", host:"localhost:8080", accept-encoding:"gzip, deflate, br", connection:"keep-alive"]]
21-09-20 15:59:50 [http-nio-8080-exec-2] [o.a.c.c.C.[.[.[.[dispatcherServlet]:175] [1;31m[ERROR][0;39m  - Servlet.service() for servlet [dispatcherServlet] in context with path [] threw exception [Request processing failed; nested exception is com.sooyoung.kakaopay.config.CustomException: can't find userId !] with root cause
com.sooyoung.kakaopay.config.CustomException: can't find userId !
	at com.sooyoung.kakaopay.config.UserArgumentResolver.resolveArgument(UserArgumentResolver.java:34)
	at org.springframework.web.method.support.HandlerMethodArgumentResolverComposite.resolveArgument(HandlerMethodArgumentResolverComposite.java:121)
	at org.springframework.web.method.support.InvocableHandlerMethod.getMethodArgumentValues(InvocableHandlerMethod.java:170)
	at org.springframework.web.method.support.InvocableHandlerMethod.invokeForRequest(InvocableHandlerMethod.java:137)
	at org.springframework.web.servlet.mvc.method.annotation.ServletInvocableHandlerMethod.invokeAndHandle(ServletInvocableHandlerMethod.java:106)
	at org.springframework.web.servlet.mvc.method.annotation.RequestMappingHandlerAdapter.invokeHandlerMethod(RequestMappingHandlerAdapter.java:895)
	at org.springframework.web.servlet.mvc.method.annotation.RequestMappingHandlerAdapter.handleInternal(RequestMappingHandlerAdapter.java:808)
	at org.springframework.web.servlet.mvc.method.AbstractHandlerMethodAdapter.handle(AbstractHandlerMethodAdapter.java:87)
	at org.springframework.web.servlet.DispatcherServlet.doDispatch(DispatcherServlet.java:1064)
	at org.springframework.web.servlet.DispatcherServlet.doService(DispatcherServlet.java:963)
	at org.springframework.web.servlet.FrameworkServlet.processRequest(FrameworkServlet.java:1006)
	at org.springframework.web.servlet.FrameworkServlet.doGet(FrameworkServlet.java:898)
	at javax.servlet.http.HttpServlet.service(HttpServlet.java:655)
	at org.springframework.web.servlet.FrameworkServlet.service(FrameworkServlet.java:883)
	at javax.servlet.http.HttpServlet.service(HttpServlet.java:764)
	at org.apache.catalina.core.ApplicationFilterChain.internalDoFilter(ApplicationFilterChain.java:228)
	at org.apache.catalina.core.ApplicationFilterChain.doFilter(ApplicationFilterChain.java:163)
	at org.apache.tomcat.websocket.server.WsFilter.doFilter(WsFilter.java:53)
	at org.apache.catalina.core.ApplicationFilterChain.internalDoFilter(ApplicationFilterChain.java:190)
	at org.apache.catalina.core.ApplicationFilterChain.doFilter(ApplicationFilterChain.java:163)
	at org.springframework.web.filter.AbstractRequestLoggingFilter.doFilterInternal(AbstractRequestLoggingFilter.java:289)
	at org.springframework.web.filter.OncePerRequestFilter.doFilter(OncePerRequestFilter.java:119)
	at org.apache.catalina.core.ApplicationFilterChain.internalDoFilter(ApplicationFilterChain.java:190)
	at org.apache.catalina.core.ApplicationFilterChain.doFilter(ApplicationFilterChain.java:163)
	at org.springframework.web.filter.RequestContextFilter.doFilterInternal(RequestContextFilter.java:100)
	at org.springframework.web.filter.OncePerRequestFilter.doFilter(OncePerRequestFilter.java:119)
	at org.apache.catalina.core.ApplicationFilterChain.internalDoFilter(ApplicationFilterChain.java:190)
	at org.apache.catalina.core.ApplicationFilterChain.doFilter(ApplicationFilterChain.java:163)
	at org.springframework.web.filter.FormContentFilter.doFilterInternal(FormContentFilter.java:93)
	at org.springframework.web.filter.OncePerRequestFilter.doFilter(OncePerRequestFilter.java:119)
	at org.apache.catalina.core.ApplicationFilterChain.internalDoFilter(ApplicationFilterChain.java:190)
	at org.apache.catalina.core.ApplicationFilterChain.doFilter(ApplicationFilterChain.java:163)
	at org.springframework.web.filter.CharacterEncodingFilter.doFilterInternal(CharacterEncodingFilter.java:201)
	at org.springframework.web.filter.OncePerRequestFilter.doFilter(OncePerRequestFilter.java:119)
	at org.apache.catalina.core.ApplicationFilterChain.internalDoFilter(ApplicationFilterChain.java:190)
	at org.apache.catalina.core.ApplicationFilterChain.doFilter(ApplicationFilterChain.java:163)
	at org.apache.catalina.core.StandardWrapperValve.invoke(StandardWrapperValve.java:202)
	at org.apache.catalina.core.StandardContextValve.invoke(StandardContextValve.java:97)
	at org.apache.catalina.authenticator.AuthenticatorBase.invoke(AuthenticatorBase.java:542)
	at org.apache.catalina.core.StandardHostValve.invoke(StandardHostValve.java:143)
	at org.apache.catalina.valves.ErrorReportValve.invoke(ErrorReportValve.java:92)
	at org.apache.catalina.core.StandardEngineValve.invoke(StandardEngineValve.java:78)
	at org.apache.catalina.connector.CoyoteAdapter.service(CoyoteAdapter.java:357)
	at org.apache.coyote.http11.Http11Processor.service(Http11Processor.java:382)
	at org.apache.coyote.AbstractProcessorLight.process(AbstractProcessorLight.java:65)
	at org.apache.coyote.AbstractProtocol$ConnectionHandler.process(AbstractProtocol.java:893)
	at org.apache.tomcat.util.net.NioEndpoint$SocketProcessor.doRun(NioEndpoint.java:1723)
	at org.apache.tomcat.util.net.SocketProcessorBase.run(SocketProcessorBase.java:49)
	at java.util.concurrent.ThreadPoolExecutor.runWorker(Unknown Source)
	at java.util.concurrent.ThreadPoolExecutor$Worker.run(Unknown Source)
	at org.apache.tomcat.util.threads.TaskThread$WrappingRunnable.run(TaskThread.java:61)
	at java.lang.Thread.run(Unknown Source)
21-09-20 16:00:18 [http-nio-8080-exec-4] [o.s.w.f.CommonsRequestLoggingFilter:47] [39m[DEBUG][0;39m  - Before request [GET /api/products, client=0:0:0:0:0:0:0:1, headers=[x-user-id:"1", user-agent:"PostmanRuntime/7.28.3", accept:"*/*", postman-token:"32707564-9d48-4d0e-967f-55196d8dd6ff", host:"localhost:8080", accept-encoding:"gzip, deflate, br", connection:"keep-alive"]]
21-09-20 16:00:18 [http-nio-8080-exec-4] [o.s.w.f.CommonsRequestLoggingFilter:55] [39m[DEBUG][0;39m  - After request [GET /api/products, client=0:0:0:0:0:0:0:1, headers=[x-user-id:"1", user-agent:"PostmanRuntime/7.28.3", accept:"*/*", postman-token:"32707564-9d48-4d0e-967f-55196d8dd6ff", host:"localhost:8080", accept-encoding:"gzip, deflate, br", connection:"keep-alive"]]
21-09-20 16:09:02 [RMI TCP Connection(13)-127.0.0.1] [o.s.b.a.SpringApplicationAdminMXBeanRegistrar$SpringApplicationAdmin:159] [34m[INFO ][0;39m  - Application shutdown requested.
21-09-20 16:09:03 [RMI TCP Connection(13)-127.0.0.1] [o.s.o.j.LocalContainerEntityManagerFactoryBean:651] [34m[INFO ][0;39m  - Closing JPA EntityManagerFactory for persistence unit 'default'
21-09-20 16:09:03 [RMI TCP Connection(13)-127.0.0.1] [c.z.h.HikariDataSource:350] [34m[INFO ][0;39m  - HikariPool-1 - Shutdown initiated...
21-09-20 16:09:03 [RMI TCP Connection(13)-127.0.0.1] [c.z.h.HikariDataSource:352] [34m[INFO ][0;39m  - HikariPool-1 - Shutdown completed.
